mode: atomic
fast/middleware/cors/cors.go:5.25,6.33 1 0
fast/middleware/cors/cors.go:6.33,11.39 4 0
fast/middleware/cors/cors.go:11.39,13.4 1 0
fast/middleware/cors/cors.go:15.3,15.18 1 0
fast/cmd/main.go:9.13,16.45 3 0
fast/cmd/main.go:16.45,18.3 1 0
fast/cmd/main.go:20.2,21.16 2 0
fast/cmd/main.go:21.16,23.3 1 0
fast/middleware/recovery/recovery.go:9.25,10.33 1 0
fast/middleware/recovery/recovery.go:10.33,11.16 1 0
fast/middleware/recovery/recovery.go:11.16,12.36 1 0
fast/middleware/recovery/recovery.go:12.36,15.5 2 0
fast/middleware/recovery/recovery.go:18.3,18.18 1 0
fast/middleware/compress/compress.go:11.25,12.33 1 0
fast/middleware/compress/compress.go:12.33,14.17 2 0
fast/middleware/compress/compress.go:14.17,16.4 1 0
fast/middleware/compress/compress.go:18.3,19.25 2 0
fast/middleware/compress/compress.go:19.25,24.18 4 0
fast/middleware/compress/compress.go:24.18,27.5 2 0
fast/middleware/compress/compress.go:29.4,29.36 1 0
fast/middleware/compress/compress.go:29.36,32.5 2 0
fast/middleware/compress/compress.go:34.4,40.26 3 0
fast/middleware/compress/compress.go:43.3,43.13 1 0
fast/app.go:29.25,30.30 1 2
fast/app.go:30.30,32.3 1 2
fast/app.go:34.2,37.3 1 2
fast/app.go:41.43,43.16 2 2
fast/app.go:43.16,45.3 1 0
fast/app.go:47.2,50.12 4 2
fast/app.go:53.37,54.6 1 2
fast/app.go:54.6,56.17 2 24
fast/app.go:56.17,60.4 3 2
fast/app.go:62.3,62.32 1 22
fast/app.go:66.49,68.16 2 22
fast/app.go:68.16,70.3 1 0
fast/app.go:71.2,73.6 2 22
fast/app.go:73.6,75.17 2 218
fast/app.go:75.17,78.4 2 0
fast/app.go:80.3,80.29 1 207
fast/app.go:80.29,82.12 2 183
fast/app.go:85.3,86.17 2 24
fast/app.go:86.17,89.4 2 0
fast/app.go:91.3,93.17 3 24
fast/app.go:93.17,96.4 2 0
fast/app.go:105.67,106.50 1 24
fast/app.go:106.50,107.52 1 24
fast/app.go:107.52,117.37 3 22
fast/app.go:117.37,119.5 1 0
fast/app.go:121.4,121.33 1 22
fast/app.go:125.2,125.61 1 2
fast/app.go:128.63,131.6 3 217
fast/app.go:131.6,133.34 2 217
fast/app.go:133.34,135.9 2 191
fast/app.go:137.3,137.60 1 24
fast/app.go:137.60,140.4 2 0
fast/app.go:142.3,144.54 2 24
fast/app.go:144.54,145.9 1 24
fast/app.go:149.2,149.25 1 207
fast/app.go:152.62,154.2 1 4
fast/app.go:156.70,159.2 2 4
fast/app.go:161.68,162.24 1 4
fast/app.go:162.24,164.3 1 0
fast/app.go:166.2,166.16 1 4
fast/app.go:166.16,168.3 1 0
fast/app.go:170.2,170.20 1 4
fast/app.go:170.20,172.3 1 0
fast/app.go:174.2,174.41 1 4
fast/app.go:177.75,178.31 1 4
fast/app.go:178.31,180.3 1 2
fast/app.go:182.2,182.37 1 4
fast/app.go:185.41,187.2 1 2
fast/app.go:189.34,191.2 1 2
fast/ctx.go:10.38,12.2 1 0
fast/ctx.go:14.45,17.2 2 22
fast/ctx.go:19.36,21.2 1 1
fast/ctx.go:23.31,25.2 1 0
fast/ctx.go:27.33,29.2 1 0
fast/ctx.go:31.44,34.2 2 0
fast/ctx.go:36.39,39.2 2 0
fast/ctx.go:41.28,43.34 2 23
fast/ctx.go:43.34,44.53 1 0
fast/ctx.go:47.2,47.31 1 23
fast/http.go:18.50,20.20 2 24
fast/http.go:20.20,22.3 1 0
fast/http.go:25.2,26.30 2 24
fast/http.go:26.30,28.3 1 0
fast/http.go:30.2,38.33 2 24
fast/http.go:38.33,39.17 1 96
fast/http.go:39.17,40.9 1 24
fast/http.go:42.3,43.28 2 72
fast/http.go:43.28,45.4 1 72
fast/http.go:49.2,50.17 2 24
fast/http.go:53.48,55.9 2 0
fast/http.go:55.9,57.3 1 0
fast/http.go:59.2,59.14 1 0
fast/http.go:68.84,69.20 1 24
fast/http.go:69.20,71.3 1 24
fast/http.go:73.2,79.13 2 24
fast/http.go:82.45,84.2 1 24
fast/http.go:86.37,90.19 3 24
fast/http.go:90.19,92.3 1 24
fast/http.go:94.2,97.22 3 24
fast/http.go:97.22,98.37 1 24
fast/http.go:98.37,100.4 1 25
fast/http.go:103.2,103.53 1 24
fast/http.go:106.37,108.2 1 0
fast/http.go:110.41,112.2 1 22
fast/http.go:114.47,117.2 2 22
fast/http.go:119.49,121.2 1 1
fast/http.go:123.33,124.23 1 22
fast/http.go:124.23,126.3 1 0
fast/http.go:129.42,131.2 1 0
fast/cmd/main.go:9.13,16.45 3 0
fast/cmd/main.go:16.45,18.3 1 0
fast/cmd/main.go:20.2,21.16 2 0
fast/cmd/main.go:21.16,23.3 1 0
fast/middleware/compress/compress.go:11.25,12.33 1 0
fast/middleware/compress/compress.go:12.33,14.17 2 0
fast/middleware/compress/compress.go:14.17,16.4 1 0
fast/middleware/compress/compress.go:18.3,19.25 2 0
fast/middleware/compress/compress.go:19.25,24.18 4 0
fast/middleware/compress/compress.go:24.18,27.5 2 0
fast/middleware/compress/compress.go:29.4,29.36 1 0
fast/middleware/compress/compress.go:29.36,32.5 2 0
fast/middleware/compress/compress.go:34.4,40.26 3 0
fast/middleware/compress/compress.go:43.3,43.13 1 0
fast/middleware/cors/cors.go:5.25,6.33 1 1
fast/middleware/cors/cors.go:6.33,11.39 4 0
fast/middleware/cors/cors.go:11.39,13.4 1 0
fast/middleware/cors/cors.go:15.3,15.18 1 0
fast/middleware/recovery/recovery.go:9.25,10.33 1 1
fast/middleware/recovery/recovery.go:10.33,11.16 1 0
fast/middleware/recovery/recovery.go:11.16,12.36 1 0
fast/middleware/recovery/recovery.go:12.36,15.5 2 0
fast/middleware/recovery/recovery.go:18.3,18.18 1 0
fast/app.go:29.25,30.30 1 0
fast/app.go:30.30,32.3 1 0
fast/app.go:34.2,37.3 1 0
fast/app.go:41.43,43.16 2 0
fast/app.go:43.16,45.3 1 0
fast/app.go:47.2,50.12 4 0
fast/app.go:53.37,54.6 1 0
fast/app.go:54.6,56.17 2 0
fast/app.go:56.17,60.4 3 0
fast/app.go:62.3,62.32 1 0
fast/app.go:66.49,68.16 2 0
fast/app.go:68.16,70.3 1 0
fast/app.go:71.2,73.6 2 0
fast/app.go:73.6,75.17 2 0
fast/app.go:75.17,78.4 2 0
fast/app.go:80.3,80.29 1 0
fast/app.go:80.29,82.12 2 0
fast/app.go:85.3,86.17 2 0
fast/app.go:86.17,89.4 2 0
fast/app.go:91.3,93.17 3 0
fast/app.go:93.17,96.4 2 0
fast/app.go:105.67,106.50 1 0
fast/app.go:106.50,107.52 1 0
fast/app.go:107.52,117.37 3 0
fast/app.go:117.37,119.5 1 0
fast/app.go:121.4,121.33 1 0
fast/app.go:125.2,125.61 1 0
fast/app.go:128.63,131.6 3 0
fast/app.go:131.6,133.34 2 0
fast/app.go:133.34,135.9 2 0
fast/app.go:137.3,137.60 1 0
fast/app.go:137.60,140.4 2 0
fast/app.go:142.3,144.54 2 0
fast/app.go:144.54,145.9 1 0
fast/app.go:149.2,149.25 1 0
fast/app.go:152.62,154.2 1 0
fast/app.go:156.70,159.2 2 0
fast/app.go:161.68,162.24 1 0
fast/app.go:162.24,164.3 1 0
fast/app.go:166.2,166.16 1 0
fast/app.go:166.16,168.3 1 0
fast/app.go:170.2,170.20 1 0
fast/app.go:170.20,172.3 1 0
fast/app.go:174.2,174.41 1 0
fast/app.go:177.75,178.31 1 0
fast/app.go:178.31,180.3 1 0
fast/app.go:182.2,182.37 1 0
fast/app.go:185.41,187.2 1 0
fast/app.go:189.34,191.2 1 0
fast/ctx.go:10.38,12.2 1 0
fast/ctx.go:14.45,17.2 2 0
fast/ctx.go:19.36,21.2 1 0
fast/ctx.go:23.31,25.2 1 0
fast/ctx.go:27.33,29.2 1 0
fast/ctx.go:31.44,34.2 2 0
fast/ctx.go:36.39,39.2 2 0
fast/ctx.go:41.28,43.34 2 0
fast/ctx.go:43.34,44.53 1 0
fast/ctx.go:47.2,47.31 1 0
fast/http.go:18.50,20.20 2 1
fast/http.go:20.20,22.3 1 0
fast/http.go:25.2,26.30 2 1
fast/http.go:26.30,28.3 1 0
fast/http.go:30.2,38.33 2 1
fast/http.go:38.33,39.17 1 4
fast/http.go:39.17,40.9 1 1
fast/http.go:42.3,43.28 2 3
fast/http.go:43.28,45.4 1 3
fast/http.go:49.2,50.17 2 1
fast/http.go:53.48,55.9 2 3
fast/http.go:55.9,57.3 1 0
fast/http.go:59.2,59.14 1 3
fast/http.go:68.84,69.20 1 0
fast/http.go:69.20,71.3 1 0
fast/http.go:73.2,79.13 2 0
fast/http.go:82.45,84.2 1 0
fast/http.go:86.37,90.19 3 0
fast/http.go:90.19,92.3 1 0
fast/http.go:94.2,97.22 3 0
fast/http.go:97.22,98.37 1 0
fast/http.go:98.37,100.4 1 0
fast/http.go:103.2,103.53 1 0
fast/http.go:106.37,108.2 1 0
fast/http.go:110.41,112.2 1 0
fast/http.go:114.47,117.2 2 0
fast/http.go:119.49,121.2 1 0
fast/http.go:123.33,124.23 1 0
fast/http.go:124.23,126.3 1 0
fast/http.go:129.42,131.2 1 0
fast/cmd/main.go:9.13,16.45 3 0
fast/cmd/main.go:16.45,18.3 1 0
fast/cmd/main.go:20.2,21.16 2 0
fast/cmd/main.go:21.16,23.3 1 0
fast/middleware/compress/compress.go:11.25,12.33 1 0
fast/middleware/compress/compress.go:12.33,14.17 2 0
fast/middleware/compress/compress.go:14.17,16.4 1 0
fast/middleware/compress/compress.go:18.3,19.25 2 0
fast/middleware/compress/compress.go:19.25,24.18 4 0
fast/middleware/compress/compress.go:24.18,27.5 2 0
fast/middleware/compress/compress.go:29.4,29.36 1 0
fast/middleware/compress/compress.go:29.36,32.5 2 0
fast/middleware/compress/compress.go:34.4,40.26 3 0
fast/middleware/compress/compress.go:43.3,43.13 1 0
fast/middleware/cors/cors.go:5.25,6.33 1 0
fast/middleware/cors/cors.go:6.33,11.39 4 0
fast/middleware/cors/cors.go:11.39,13.4 1 0
fast/middleware/cors/cors.go:15.3,15.18 1 0
fast/middleware/recovery/recovery.go:9.25,10.33 1 0
fast/middleware/recovery/recovery.go:10.33,11.16 1 0
fast/middleware/recovery/recovery.go:11.16,12.36 1 0
fast/middleware/recovery/recovery.go:12.36,15.5 2 0
fast/middleware/recovery/recovery.go:18.3,18.18 1 0
